<?xml version="1.0" encoding="UTF-8"?>
<testng-results skipped="0" failed="0" ignored="0" total="1" passed="1">
  <reporter-output>
  </reporter-output>
  <suite name="Default suite" duration-ms="87116" started-at="2018-06-28T14:10:43Z" finished-at="2018-06-28T14:12:10Z">
    <groups>
    </groups>
    <test name="Default test" duration-ms="87116" started-at="2018-06-28T14:10:43Z" finished-at="2018-06-28T14:12:10Z">
      <class name="com.qa.tests.AllWeatherStrategy_ExploreInvestmentIdeasPageTest">
        <test-method status="PASS" signature="setup()[pri:0, instance:com.qa.tests.AllWeatherStrategy_ExploreInvestmentIdeasPageTest@3884b2]" name="setup" is-config="true" duration-ms="61472" started-at="2018-06-28T14:10:43Z" finished-at="2018-06-28T14:11:45Z">
          <reporter-output>
          </reporter-output>
        </test-method> <!-- setup -->
        <test-method status="PASS" signature="clickOnExploreInvestmentIdeas()[pri:0, instance:com.qa.tests.AllWeatherStrategy_ExploreInvestmentIdeasPageTest@3884b2]" name="clickOnExploreInvestmentIdeas" duration-ms="25586" started-at="2018-06-28T14:11:45Z" finished-at="2018-06-28T14:12:10Z">
          <reporter-output>
          </reporter-output>
        </test-method> <!-- clickOnExploreInvestmentIdeas -->
        <test-method status="PASS" signature="closeApplication()[pri:0, instance:com.qa.tests.AllWeatherStrategy_ExploreInvestmentIdeasPageTest@3884b2]" name="closeApplication" is-config="true" duration-ms="0" started-at="2018-06-28T14:12:10Z" finished-at="2018-06-28T14:12:10Z">
          <reporter-output>
          </reporter-output>
        </test-method> <!-- closeApplication -->
      </class> <!-- com.qa.tests.AllWeatherStrategy_ExploreInvestmentIdeasPageTest -->
    </test> <!-- Default test -->
  </suite> <!-- Default suite -->
</testng-results>
